<?xml version="1.0" encoding="UTF-8"?>
<!-- Generated by org.testng.reporters.JUnitXMLReporter -->
<testsuite hostname="DESKTOP-SNIGSR3" ignored="0" name="Test" tests="3" failures="1" timestamp="18 Jul 2024 12:06:37 GMT" time="1.131" errors="0">
  <testcase name="test01" time="0.809" classname="com.tests.LoginTest"/>
  <testcase name="test02" time="0.014" classname="com.tests.LoginTest">
    <failure type="java.lang.AssertionError" message="expected [JavaByKiran1 | Dashboard] but found [JavaByKiran | Dashboard]">
      <![CDATA[java.lang.AssertionError: expected [JavaByKiran1 | Dashboard] but found [JavaByKiran | Dashboard]
	at com.tests.LoginTest.test02(LoginTest.java:30)
... Removed 31 stack frames]]>
    </failure>
  </testcase> <!-- test02 -->
  <testcase name="test03" time="0.003" classname="com.tests.LoginTest">
    <skipped/>
  </testcase> <!-- test03 -->
</testsuite> <!-- Test -->
